<!DOCTYPE html PUBLIC "-//W3C//DTD XHTML 1.1//EN" "http://www.w3.org/TR/xhtml11/DTD/xhtml11.dtd">
<html xmlns="http://www.w3.org/1999/xhtml">
<head>
<meta http-equiv="content-type" content="text/html; charset=UTF-8"/>
<title>TestNG Report</title>
<style type="text/css">table {margin-bottom:10px;border-collapse:collapse;empty-cells:show}th,td {border:1px solid #009;padding:.25em .5em}th {vertical-align:bottom}td {vertical-align:top}table a {font-weight:bold}.stripe td {background-color: #E6EBF9}.num {text-align:right}.passedodd td {background-color: #3F3}.passedeven td {background-color: #0A0}.skippedodd td {background-color: #DDD}.skippedeven td {background-color: #CCC}.failedodd td,.attn {background-color: #F33}.failedeven td,.stripe .attn {background-color: #D00}.stacktrace {white-space:pre;font-family:monospace}.totop {font-size:85%;text-align:center;border-bottom:2px solid #000}.invisible {display:none}</style>
</head>
<body>
<table>
<tr><th>Test</th><th># Passed</th><th># Skipped</th><th># Failed</th><th>Time (ms)</th><th>Included Groups</th><th>Excluded Groups</th></tr>
<tr><th colspan="7">WalletHub - Assignment #1</th></tr>
<tr><td><a href="#t0">Wallethub - Write review</a></td><td class="num">1</td><td class="num">0</td><td class="num attn">1</td><td class="num">65,004</td><td></td><td></td></tr>
</table>
<table id='summary'><thead><tr><th>Class</th><th>Method</th><th>Start</th><th>Time (ms)</th></tr></thead><tbody><tr><th colspan="4">WalletHub - Assignment #1</th></tr></tbody><tbody id="t0"><tr><th colspan="4">Wallethub - Write review &#8212; failed (configuration methods)</th></tr><tr class="failedeven"><td rowspan="1">com.walletHubReviewsTestCase.WriteReviewTest</td><td><a href="#m0">afterTest</a></td><td rowspan="1">1643271180316</td><td rowspan="1">15</td></tr><tr><th colspan="4">Wallethub - Write review &#8212; failed</th></tr><tr class="failedeven"><td rowspan="1">com.walletHubReviewsTestCase.WriteReviewTest</td><td><a href="#m1">writeReview</a></td><td rowspan="1">1643271126458</td><td rowspan="1">53845</td></tr><tr><th colspan="4">Wallethub - Write review &#8212; skipped (configuration methods)</th></tr><tr class="skippedeven"><td rowspan="1">com.walletHubReviewsTestCase.WriteReviewTest</td><td><a href="#m2">tearDown</a></td><td rowspan="1">1643271180654</td><td rowspan="1">0</td></tr><tr><th colspan="4">Wallethub - Write review &#8212; passed</th></tr><tr class="passedeven"><td rowspan="1">com.walletHubReviewsTestCase.WriteReviewTest</td><td><a href="#m3">loginUser</a></td><td rowspan="1">1643271120768</td><td rowspan="1">5664</td></tr></tbody>
</table>
<h2>Wallethub - Write review</h2><h3 id="m0">com.walletHubReviewsTestCase.WriteReviewTest#afterTest</h3><table class="result"><tr><th>Exception</th></tr><tr><td><div class="stacktrace">org.openqa.selenium.NoSuchWindowException: no such window: target window already closed
from unknown error: web view not found
  (Session info: chrome=97.0.4692.99)
  (Driver info: chromedriver=2.38.552522 (437e6fbedfa8762dec75e2c5b3ddb86763dc9dcb),platform=Windows NT 10.0.19043 x86_64) (WARNING: The server did not provide any stacktrace information)
Command duration or timeout: 0 milliseconds
Build info: version: &apos;3.141.59&apos;, revision: &apos;e82be7d358&apos;, time: &apos;2018-11-14T08:17:03&apos;
System info: host: &apos;SAG-2MMLKG3&apos;, ip: &apos;192.168.0.130&apos;, os.name: &apos;Windows 10&apos;, os.arch: &apos;amd64&apos;, os.version: &apos;10.0&apos;, java.version: &apos;1.8.0_311&apos;
Driver info: org.openqa.selenium.chrome.ChromeDriver
Capabilities {acceptInsecureCerts: false, acceptSslCerts: false, applicationCacheEnabled: false, browserConnectionEnabled: false, browserName: chrome, chrome: {chromedriverVersion: 2.38.552522 (437e6fbedfa876..., userDataDir: C:\Users\ALTS\AppData\Local...}, cssSelectorsEnabled: true, databaseEnabled: false, handlesAlerts: true, hasTouchScreen: false, javascriptEnabled: true, locationContextEnabled: true, mobileEmulationEnabled: false, nativeEvents: true, networkConnectionEnabled: false, pageLoadStrategy: normal, platform: XP, platformName: XP, rotatable: false, setWindowRect: true, takesHeapSnapshot: true, takesScreenshot: true, unexpectedAlertBehaviour: , unhandledPromptBehavior: , version: 97.0.4692.99, webStorageEnabled: true}
Session ID: 94eeb1f1ec564f4d1aa775e5f1f2434f
	at org.openqa.selenium.remote.ErrorHandler.createThrowable(ErrorHandler.java:214)
	at org.openqa.selenium.remote.ErrorHandler.throwIfResponseFailed(ErrorHandler.java:166)
	at org.openqa.selenium.remote.http.JsonHttpResponseCodec.reconstructValue(JsonHttpResponseCodec.java:40)
	at org.openqa.selenium.remote.http.AbstractHttpResponseCodec.decode(AbstractHttpResponseCodec.java:80)
	at org.openqa.selenium.remote.http.AbstractHttpResponseCodec.decode(AbstractHttpResponseCodec.java:44)
	at org.openqa.selenium.remote.HttpCommandExecutor.execute(HttpCommandExecutor.java:158)
	at org.openqa.selenium.remote.service.DriverCommandExecutor.execute(DriverCommandExecutor.java:83)
	at org.openqa.selenium.remote.RemoteWebDriver.execute(RemoteWebDriver.java:552)
	at org.openqa.selenium.remote.RemoteWebDriver.execute(RemoteWebDriver.java:609)
	at org.openqa.selenium.remote.RemoteWebDriver$RemoteWebDriverOptions.deleteAllCookies(RemoteWebDriver.java:694)
	at com.walletHubReviewsTestCase.WriteReviewTest.afterTest(WriteReviewTest.java:96)
... Removed 31 stack frames</div></td></tr></table><p class="totop"><a href="#summary">back to summary</a></p>
<h3 id="m1">com.walletHubReviewsTestCase.WriteReviewTest#writeReview</h3><table class="result"><tr class="param"><th>Parameter #1</th><th>Parameter #2</th></tr><tr class="param stripe"><td>ProductionEnvironment</td><td>chrome</td></tr><tr><th colspan="2">Exception</th></tr><tr><td colspan="2"><div class="stacktrace">java.lang.AssertionError: Element //*[text()=&apos;Your review has been posted.&apos;] not visible
	at com.automation.base.CommonActions.waitForElementVisible(CommonActions.java:129)
	at com.walletHubReviewsTestCase.WriteReviewTest.writeReview(WriteReviewTest.java:70)
... Removed 29 stack frames</div></td></tr></table><p class="totop"><a href="#summary">back to summary</a></p>
<h3 id="m2">com.walletHubReviewsTestCase.WriteReviewTest#tearDown</h3><table class="result"><tr><th class="invisible"/></tr></table><p class="totop"><a href="#summary">back to summary</a></p>
<h3 id="m3">com.walletHubReviewsTestCase.WriteReviewTest#loginUser</h3><table class="result"><tr class="param"><th>Parameter #1</th><th>Parameter #2</th></tr><tr class="param stripe"><td>ProductionEnvironment</td><td>chrome</td></tr></table><p class="totop"><a href="#summary">back to summary</a></p>
</body>
</html>
