<?xml version="1.0" encoding="UTF-8"?>
<testng-results skipped="0" failed="1" ignored="0" total="2" passed="1">
  <reporter-output>
  </reporter-output>
  <suite name="WalletHub - Assignment #1" duration-ms="65004" started-at="2022-01-27T08:11:55Z" finished-at="2022-01-27T08:13:00Z">
    <groups>
      <group name="WalletHub - Login account">
        <method signature="WriteReviewTest.loginUser(java.lang.String, java.lang.String)[pri:0, instance:com.walletHubReviewsTestCase.WriteReviewTest@63e2203c]" name="loginUser" class="com.walletHubReviewsTestCase.WriteReviewTest"/>
      </group> <!-- WalletHub - Login account -->
      <group name="WalletHub - Write review">
        <method signature="WriteReviewTest.writeReview(java.lang.String, java.lang.String)[pri:1, instance:com.walletHubReviewsTestCase.WriteReviewTest@63e2203c]" name="writeReview" class="com.walletHubReviewsTestCase.WriteReviewTest"/>
      </group> <!-- WalletHub - Write review -->
    </groups>
    <test name="Wallethub - Write review" duration-ms="65004" started-at="2022-01-27T08:11:55Z" finished-at="2022-01-27T08:13:00Z">
      <class name="com.walletHubReviewsTestCase.WriteReviewTest">
        <test-method status="PASS" signature="setUp(java.lang.String, java.lang.String)[pri:0, instance:com.walletHubReviewsTestCase.WriteReviewTest@63e2203c]" name="setUp" is-config="true" duration-ms="8" started-at="2022-01-27T08:11:55Z" finished-at="2022-01-27T08:11:55Z">
          <params>
            <param index="0">
              <value>
                <![CDATA[ProductionEnvironment]]>
              </value>
            </param>
            <param index="1">
              <value>
                <![CDATA[chrome]]>
              </value>
            </param>
          </params>
          <reporter-output>
          </reporter-output>
        </test-method> <!-- setUp -->
        <test-method status="PASS" signature="beforeTest(java.lang.String, java.lang.String)[pri:0, instance:com.walletHubReviewsTestCase.WriteReviewTest@63e2203c]" name="beforeTest" is-config="true" duration-ms="5415" started-at="2022-01-27T08:11:55Z" finished-at="2022-01-27T08:12:00Z">
          <params>
            <param index="0">
              <value>
                <![CDATA[ProductionEnvironment]]>
              </value>
            </param>
            <param index="1">
              <value>
                <![CDATA[chrome]]>
              </value>
            </param>
          </params>
          <reporter-output>
          </reporter-output>
        </test-method> <!-- beforeTest -->
        <test-method status="PASS" signature="pageFactoryInitialization()[pri:0, instance:com.walletHubReviewsTestCase.WriteReviewTest@63e2203c]" name="pageFactoryInitialization" is-config="true" duration-ms="14" started-at="2022-01-27T08:12:00Z" finished-at="2022-01-27T08:12:00Z">
          <reporter-output>
          </reporter-output>
        </test-method> <!-- pageFactoryInitialization -->
        <test-method status="PASS" signature="loginUser(java.lang.String, java.lang.String)[pri:0, instance:com.walletHubReviewsTestCase.WriteReviewTest@63e2203c]" name="loginUser" duration-ms="5664" started-at="2022-01-27T08:12:00Z" description="Verify login wallethub account" finished-at="2022-01-27T08:12:06Z">
          <params>
            <param index="0">
              <value>
                <![CDATA[ProductionEnvironment]]>
              </value>
            </param>
            <param index="1">
              <value>
                <![CDATA[chrome]]>
              </value>
            </param>
          </params>
          <reporter-output>
          </reporter-output>
        </test-method> <!-- loginUser -->
        <test-method status="PASS" signature="afterMethod(org.testng.ITestResult, java.lang.String, java.lang.String)[pri:0, instance:com.walletHubReviewsTestCase.WriteReviewTest@63e2203c]" name="afterMethod" is-config="true" duration-ms="23" started-at="2022-01-27T08:12:06Z" finished-at="2022-01-27T08:12:06Z">
          <params>
            <param index="0">
              <value>
                <![CDATA[[TestResult name=loginUser status=SUCCESS method=WriteReviewTest.loginUser(java.lang.String, java.lang.String)[pri:0, instance:com.walletHubReviewsTestCase.WriteReviewTest@63e2203c] output={null}]]]>
              </value>
            </param>
            <param index="1">
              <value>
                <![CDATA[ProductionEnvironment]]>
              </value>
            </param>
            <param index="2">
              <value>
                <![CDATA[chrome]]>
              </value>
            </param>
          </params>
          <reporter-output>
          </reporter-output>
        </test-method> <!-- afterMethod -->
        <test-method status="FAIL" signature="writeReview(java.lang.String, java.lang.String)[pri:1, instance:com.walletHubReviewsTestCase.WriteReviewTest@63e2203c]" name="writeReview" duration-ms="53845" started-at="2022-01-27T08:12:06Z" description="Verify new review added to wallethub" depends-on-methods="com.walletHubReviewsTestCase.WriteReviewTest.loginUser" finished-at="2022-01-27T08:13:00Z">
          <params>
            <param index="0">
              <value>
                <![CDATA[ProductionEnvironment]]>
              </value>
            </param>
            <param index="1">
              <value>
                <![CDATA[chrome]]>
              </value>
            </param>
          </params>
          <exception class="java.lang.AssertionError">
            <message>
              <![CDATA[Element //*[text()='Your review has been posted.'] not visible]]>
            </message>
            <full-stacktrace>
              <![CDATA[java.lang.AssertionError: Element //*[text()='Your review has been posted.'] not visible
at org.testng.Assert.fail(Assert.java:96)
at com.automation.base.CommonActions.waitForElementVisible(CommonActions.java:129)
at com.walletHubReviewsTestCase.WriteReviewTest.writeReview(WriteReviewTest.java:70)
at sun.reflect.NativeMethodAccessorImpl.invoke0(Native Method)
at sun.reflect.NativeMethodAccessorImpl.invoke(NativeMethodAccessorImpl.java:62)
at sun.reflect.DelegatingMethodAccessorImpl.invoke(DelegatingMethodAccessorImpl.java:43)
at java.lang.reflect.Method.invoke(Method.java:498)
at org.testng.internal.MethodInvocationHelper.invokeMethod(MethodInvocationHelper.java:124)
at org.testng.internal.Invoker.invokeMethod(Invoker.java:583)
at org.testng.internal.Invoker.invokeTestMethod(Invoker.java:719)
at org.testng.internal.Invoker.invokeTestMethods(Invoker.java:989)
at org.testng.internal.TestMethodWorker.invokeTestMethods(TestMethodWorker.java:125)
at org.testng.internal.TestMethodWorker.run(TestMethodWorker.java:109)
at org.testng.TestRunner.privateRun(TestRunner.java:648)
at org.testng.TestRunner.run(TestRunner.java:505)
at org.testng.SuiteRunner.runTest(SuiteRunner.java:455)
at org.testng.SuiteRunner.runSequentially(SuiteRunner.java:450)
at org.testng.SuiteRunner.privateRun(SuiteRunner.java:415)
at org.testng.SuiteRunner.run(SuiteRunner.java:364)
at org.testng.SuiteRunnerWorker.runSuite(SuiteRunnerWorker.java:52)
at org.testng.SuiteRunnerWorker.run(SuiteRunnerWorker.java:84)
at org.testng.TestNG.runSuitesSequentially(TestNG.java:1208)
at org.testng.TestNG.runSuitesLocally(TestNG.java:1137)
at org.testng.TestNG.runSuites(TestNG.java:1049)
at org.testng.TestNG.run(TestNG.java:1017)
at org.apache.maven.surefire.testng.TestNGExecutor.run(TestNGExecutor.java:295)
at org.apache.maven.surefire.testng.TestNGXmlTestSuite.execute(TestNGXmlTestSuite.java:84)
at org.apache.maven.surefire.testng.TestNGProvider.invoke(TestNGProvider.java:90)
at org.apache.maven.surefire.booter.ForkedBooter.invokeProviderInSameClassLoader(ForkedBooter.java:203)
at org.apache.maven.surefire.booter.ForkedBooter.runSuitesInProcess(ForkedBooter.java:155)
at org.apache.maven.surefire.booter.ForkedBooter.main(ForkedBooter.java:103)
]]>
            </full-stacktrace>
          </exception> <!-- java.lang.AssertionError -->
          <reporter-output>
          </reporter-output>
        </test-method> <!-- writeReview -->
        <test-method status="PASS" signature="afterMethod(org.testng.ITestResult, java.lang.String, java.lang.String)[pri:0, instance:com.walletHubReviewsTestCase.WriteReviewTest@63e2203c]" name="afterMethod" is-config="true" duration-ms="8" started-at="2022-01-27T08:13:00Z" finished-at="2022-01-27T08:13:00Z">
          <params>
            <param index="0">
              <value>
                <![CDATA[[TestResult name=writeReview status=FAILURE method=WriteReviewTest.writeReview(java.lang.String, java.lang.String)[pri:1, instance:com.walletHubReviewsTestCase.WriteReviewTest@63e2203c] output={null}]]]>
              </value>
            </param>
            <param index="1">
              <value>
                <![CDATA[ProductionEnvironment]]>
              </value>
            </param>
            <param index="2">
              <value>
                <![CDATA[chrome]]>
              </value>
            </param>
          </params>
          <reporter-output>
          </reporter-output>
        </test-method> <!-- afterMethod -->
        <test-method status="FAIL" signature="afterTest()[pri:0, instance:com.walletHubReviewsTestCase.WriteReviewTest@63e2203c]" name="afterTest" is-config="true" duration-ms="15" started-at="2022-01-27T08:13:00Z" finished-at="2022-01-27T08:13:00Z">
          <exception class="org.openqa.selenium.NoSuchWindowException">
            <message>
              <![CDATA[no such window: target window already closed
from unknown error: web view not found
  (Session info: chrome=97.0.4692.99)
  (Driver info: chromedriver=2.38.552522 (437e6fbedfa8762dec75e2c5b3ddb86763dc9dcb),platform=Windows NT 10.0.19043 x86_64) (WARNING: The server did not provide any stacktrace information)
Command duration or timeout: 0 milliseconds
Build info: version: '3.141.59', revision: 'e82be7d358', time: '2018-11-14T08:17:03'
System info: host: 'SAG-2MMLKG3', ip: '192.168.0.130', os.name: 'Windows 10', os.arch: 'amd64', os.version: '10.0', java.version: '1.8.0_311'
Driver info: org.openqa.selenium.chrome.ChromeDriver
Capabilities {acceptInsecureCerts: false, acceptSslCerts: false, applicationCacheEnabled: false, browserConnectionEnabled: false, browserName: chrome, chrome: {chromedriverVersion: 2.38.552522 (437e6fbedfa876..., userDataDir: C:\Users\ALTS\AppData\Local...}, cssSelectorsEnabled: true, databaseEnabled: false, handlesAlerts: true, hasTouchScreen: false, javascriptEnabled: true, locationContextEnabled: true, mobileEmulationEnabled: false, nativeEvents: true, networkConnectionEnabled: false, pageLoadStrategy: normal, platform: XP, platformName: XP, rotatable: false, setWindowRect: true, takesHeapSnapshot: true, takesScreenshot: true, unexpectedAlertBehaviour: , unhandledPromptBehavior: , version: 97.0.4692.99, webStorageEnabled: true}
Session ID: 94eeb1f1ec564f4d1aa775e5f1f2434f]]>
            </message>
            <full-stacktrace>
              <![CDATA[org.openqa.selenium.NoSuchWindowException: no such window: target window already closed
from unknown error: web view not found
  (Session info: chrome=97.0.4692.99)
  (Driver info: chromedriver=2.38.552522 (437e6fbedfa8762dec75e2c5b3ddb86763dc9dcb),platform=Windows NT 10.0.19043 x86_64) (WARNING: The server did not provide any stacktrace information)
Command duration or timeout: 0 milliseconds
Build info: version: '3.141.59', revision: 'e82be7d358', time: '2018-11-14T08:17:03'
System info: host: 'SAG-2MMLKG3', ip: '192.168.0.130', os.name: 'Windows 10', os.arch: 'amd64', os.version: '10.0', java.version: '1.8.0_311'
Driver info: org.openqa.selenium.chrome.ChromeDriver
Capabilities {acceptInsecureCerts: false, acceptSslCerts: false, applicationCacheEnabled: false, browserConnectionEnabled: false, browserName: chrome, chrome: {chromedriverVersion: 2.38.552522 (437e6fbedfa876..., userDataDir: C:\Users\ALTS\AppData\Local...}, cssSelectorsEnabled: true, databaseEnabled: false, handlesAlerts: true, hasTouchScreen: false, javascriptEnabled: true, locationContextEnabled: true, mobileEmulationEnabled: false, nativeEvents: true, networkConnectionEnabled: false, pageLoadStrategy: normal, platform: XP, platformName: XP, rotatable: false, setWindowRect: true, takesHeapSnapshot: true, takesScreenshot: true, unexpectedAlertBehaviour: , unhandledPromptBehavior: , version: 97.0.4692.99, webStorageEnabled: true}
Session ID: 94eeb1f1ec564f4d1aa775e5f1f2434f
at sun.reflect.NativeConstructorAccessorImpl.newInstance0(Native Method)
at sun.reflect.NativeConstructorAccessorImpl.newInstance(NativeConstructorAccessorImpl.java:62)
at sun.reflect.DelegatingConstructorAccessorImpl.newInstance(DelegatingConstructorAccessorImpl.java:45)
at java.lang.reflect.Constructor.newInstance(Constructor.java:423)
at org.openqa.selenium.remote.ErrorHandler.createThrowable(ErrorHandler.java:214)
at org.openqa.selenium.remote.ErrorHandler.throwIfResponseFailed(ErrorHandler.java:166)
at org.openqa.selenium.remote.http.JsonHttpResponseCodec.reconstructValue(JsonHttpResponseCodec.java:40)
at org.openqa.selenium.remote.http.AbstractHttpResponseCodec.decode(AbstractHttpResponseCodec.java:80)
at org.openqa.selenium.remote.http.AbstractHttpResponseCodec.decode(AbstractHttpResponseCodec.java:44)
at org.openqa.selenium.remote.HttpCommandExecutor.execute(HttpCommandExecutor.java:158)
at org.openqa.selenium.remote.service.DriverCommandExecutor.execute(DriverCommandExecutor.java:83)
at org.openqa.selenium.remote.RemoteWebDriver.execute(RemoteWebDriver.java:552)
at org.openqa.selenium.remote.RemoteWebDriver.execute(RemoteWebDriver.java:609)
at org.openqa.selenium.remote.RemoteWebDriver$RemoteWebDriverOptions.deleteAllCookies(RemoteWebDriver.java:694)
at com.walletHubReviewsTestCase.WriteReviewTest.afterTest(WriteReviewTest.java:96)
at sun.reflect.NativeMethodAccessorImpl.invoke0(Native Method)
at sun.reflect.NativeMethodAccessorImpl.invoke(NativeMethodAccessorImpl.java:62)
at sun.reflect.DelegatingMethodAccessorImpl.invoke(DelegatingMethodAccessorImpl.java:43)
at java.lang.reflect.Method.invoke(Method.java:498)
at org.testng.internal.MethodInvocationHelper.invokeMethod(MethodInvocationHelper.java:124)
at org.testng.internal.MethodInvocationHelper.invokeMethodConsideringTimeout(MethodInvocationHelper.java:59)
at org.testng.internal.Invoker.invokeConfigurationMethod(Invoker.java:458)
at org.testng.internal.Invoker.invokeConfigurations(Invoker.java:222)
at org.testng.internal.Invoker.invokeConfigurations(Invoker.java:142)
at org.testng.TestRunner.afterRun(TestRunner.java:725)
at org.testng.TestRunner.run(TestRunner.java:509)
at org.testng.SuiteRunner.runTest(SuiteRunner.java:455)
at org.testng.SuiteRunner.runSequentially(SuiteRunner.java:450)
at org.testng.SuiteRunner.privateRun(SuiteRunner.java:415)
at org.testng.SuiteRunner.run(SuiteRunner.java:364)
at org.testng.SuiteRunnerWorker.runSuite(SuiteRunnerWorker.java:52)
at org.testng.SuiteRunnerWorker.run(SuiteRunnerWorker.java:84)
at org.testng.TestNG.runSuitesSequentially(TestNG.java:1208)
at org.testng.TestNG.runSuitesLocally(TestNG.java:1137)
at org.testng.TestNG.runSuites(TestNG.java:1049)
at org.testng.TestNG.run(TestNG.java:1017)
at org.apache.maven.surefire.testng.TestNGExecutor.run(TestNGExecutor.java:295)
at org.apache.maven.surefire.testng.TestNGXmlTestSuite.execute(TestNGXmlTestSuite.java:84)
at org.apache.maven.surefire.testng.TestNGProvider.invoke(TestNGProvider.java:90)
at org.apache.maven.surefire.booter.ForkedBooter.invokeProviderInSameClassLoader(ForkedBooter.java:203)
at org.apache.maven.surefire.booter.ForkedBooter.runSuitesInProcess(ForkedBooter.java:155)
at org.apache.maven.surefire.booter.ForkedBooter.main(ForkedBooter.java:103)
]]>
            </full-stacktrace>
          </exception> <!-- org.openqa.selenium.NoSuchWindowException -->
          <reporter-output>
          </reporter-output>
        </test-method> <!-- afterTest -->
        <test-method status="SKIP" signature="tearDown(java.lang.String, java.lang.String)[pri:0, instance:com.walletHubReviewsTestCase.WriteReviewTest@63e2203c]" name="tearDown" is-config="true" duration-ms="0" started-at="2022-01-27T08:13:00Z" finished-at="2022-01-27T08:13:00Z">
          <reporter-output>
          </reporter-output>
        </test-method> <!-- tearDown -->
      </class> <!-- com.walletHubReviewsTestCase.WriteReviewTest -->
    </test> <!-- Wallethub - Write review -->
  </suite> <!-- WalletHub - Assignment #1 -->
</testng-results>
